# JRE version: Java(TM) SE Runtime Environment (18.0.2.1+1) (build 18.0.2.1+1-1)
# Java VM: Java HotSpot(TM) 64-Bit Server VM (18.0.2.1+1-1, mixed mode, sharing, tiered, compressed oops, compressed class ptrs, g1 gc, windows-amd64)
GC Precious Log:
 CardTable entry size: 512
 Card Set container configuration: InlinePtr #cards 4 size 8 Array Of Cards #cards 16 size 48 Howl #buckets 8 coarsen threshold 3686 Howl Bitmap #cards 512 size 80 coarsen threshold 460 Card regions per heap region 1 cards per card region 4096
 CPUs: 12 total, 12 available
 Memory: 16068M
 Large Page Support: Disabled
 NUMA Support: Disabled
 Compressed Oops: Enabled (Zero based)
 Heap Region Size: 2M
 Heap Min Capacity: 8M
 Heap Initial Capacity: 252M
 Heap Max Capacity: 4018M
 Pre-touch: Disabled
 Parallel Workers: 10
 Concurrent Workers: 3
 Concurrent Refinement Workers: 10
 Periodic GC: Disabled
Heap:
 garbage-first heap   total 102400K, used 46920K [0x0000000704e00000, 0x0000000800000000)
  region size 2048K, 5 young (10240K), 3 survivors (6144K)
 Metaspace       used 81295K, committed 81984K, reserved 1179648K
  class space    used 9513K, committed 9856K, reserved 1048576K
GC Heap History (20 events):
Event: 42827.027 GC heap before
{Heap before GC invocations=101 (full 2):
 garbage-first heap   total 102400K, used 81969K [0x0000000704e00000, 0x0000000800000000)
  region size 2048K, 21 young (43008K), 2 survivors (4096K)
 Metaspace       used 79882K, committed 80512K, reserved 1179648K
  class space    used 9419K, committed 9728K, reserved 1048576K
}
Event: 42827.047 GC heap after
{Heap after GC invocations=102 (full 2):
 garbage-first heap   total 102400K, used 43295K [0x0000000704e00000, 0x0000000800000000)
  region size 2048K, 2 young (4096K), 2 survivors (4096K)
 Metaspace       used 79882K, committed 80512K, reserved 1179648K
  class space    used 9419K, committed 9728K, reserved 1048576K
}
Event: 43678.153 GC heap before
{Heap before GC invocations=102 (full 2):
 garbage-first heap   total 102400K, used 82207K [0x0000000704e00000, 0x0000000800000000)
  region size 2048K, 21 young (43008K), 2 survivors (4096K)
 Metaspace       used 79895K, committed 80512K, reserved 1179648K
  class space    used 9419K, committed 9728K, reserved 1048576K
}
Event: 43678.163 GC heap after
{Heap after GC invocations=103 (full 2):
 garbage-first heap   total 102400K, used 43102K [0x0000000704e00000, 0x0000000800000000)
  region size 2048K, 2 young (4096K), 2 survivors (4096K)
 Metaspace       used 79895K, committed 80512K, reserved 1179648K
  class space    used 9419K, committed 9728K, reserved 1048576K
}
Event: 44013.969 GC heap before
{Heap before GC invocations=103 (full 2):
 garbage-first heap   total 102400K, used 73822K [0x0000000704e00000, 0x0000000800000000)
  region size 2048K, 18 young (36864K), 2 survivors (4096K)
 Metaspace       used 80028K, committed 80704K, reserved 1179648K
  class space    used 9436K, committed 9792K, reserved 1048576K
}
Event: 44014.059 GC heap after
{Heap after GC invocations=104 (full 3):
 garbage-first heap   total 102400K, used 35395K [0x0000000704e00000, 0x0000000800000000)
  region size 2048K, 0 young (0K), 0 survivors (0K)
 Metaspace       used 79834K, committed 80704K, reserved 1179648K
  class space    used 9389K, committed 9792K, reserved 1048576K
}
Event: 44014.704 GC heap before
{Heap before GC invocations=104 (full 3):
 garbage-first heap   total 102400K, used 82499K [0x0000000704e00000, 0x0000000800000000)
  region size 2048K, 24 young (49152K), 0 survivors (0K)
 Metaspace       used 80040K, committed 80768K, reserved 1179648K
  class space    used 9416K, committed 9792K, reserved 1048576K
}
Event: 44014.710 GC heap after
{Heap after GC invocations=105 (full 3):
 garbage-first heap   total 102400K, used 39491K [0x0000000704e00000, 0x0000000800000000)
  region size 2048K, 2 young (4096K), 2 survivors (4096K)
 Metaspace       used 80040K, committed 80768K, reserved 1179648K
  class space    used 9416K, committed 9792K, reserved 1048576K
}
Event: 44015.428 GC heap before
{Heap before GC invocations=105 (full 3):
 garbage-first heap   total 102400K, used 82499K [0x0000000704e00000, 0x0000000800000000)
  region size 2048K, 23 young (47104K), 2 survivors (4096K)
 Metaspace       used 80525K, committed 81152K, reserved 1179648K
  class space    used 9455K, committed 9792K, reserved 1048576K
}
Event: 44015.437 GC heap after
{Heap after GC invocations=106 (full 3):
 garbage-first heap   total 102400K, used 42581K [0x0000000704e00000, 0x0000000800000000)
  region size 2048K, 2 young (4096K), 2 survivors (4096K)
 Metaspace       used 80525K, committed 81152K, reserved 1179648K
  class space    used 9455K, committed 9792K, reserved 1048576K
}
Event: 44201.613 GC heap before
{Heap before GC invocations=106 (full 3):
 garbage-first heap   total 102400K, used 81493K [0x0000000704e00000, 0x0000000800000000)
  region size 2048K, 21 young (43008K), 2 survivors (4096K)
 Metaspace       used 80804K, committed 81472K, reserved 1179648K
  class space    used 9485K, committed 9856K, reserved 1048576K
}
Event: 44201.620 GC heap after
{Heap after GC invocations=107 (full 3):
 garbage-first heap   total 102400K, used 46551K [0x0000000704e00000, 0x0000000800000000)
  region size 2048K, 3 young (6144K), 3 survivors (6144K)
 Metaspace       used 80804K, committed 81472K, reserved 1179648K
  class space    used 9485K, committed 9856K, reserved 1048576K
}
Event: 44701.941 GC heap before
{Heap before GC invocations=107 (full 3):
 garbage-first heap   total 102400K, used 77271K [0x0000000704e00000, 0x0000000800000000)
  region size 2048K, 18 young (36864K), 3 survivors (6144K)
 Metaspace       used 80835K, committed 81536K, reserved 1179648K
  class space    used 9485K, committed 9856K, reserved 1048576K
}
Event: 44701.949 GC heap after
{Heap after GC invocations=108 (full 3):
 garbage-first heap   total 102400K, used 47234K [0x0000000704e00000, 0x0000000800000000)
  region size 2048K, 1 young (2048K), 1 survivors (2048K)
 Metaspace       used 80835K, committed 81536K, reserved 1179648K
  class space    used 9485K, committed 9856K, reserved 1048576K
}
Event: 45009.285 GC heap before
{Heap before GC invocations=109 (full 3):
 garbage-first heap   total 102400K, used 61570K [0x0000000704e00000, 0x0000000800000000)
  region size 2048K, 9 young (18432K), 1 survivors (2048K)
 Metaspace       used 80856K, committed 81536K, reserved 1179648K
  class space    used 9487K, committed 9856K, reserved 1048576K
}
Event: 45009.346 GC heap after
{Heap after GC invocations=110 (full 4):
 garbage-first heap   total 102400K, used 40326K [0x0000000704e00000, 0x0000000800000000)
  region size 2048K, 0 young (0K), 0 survivors (0K)
 Metaspace       used 80853K, committed 81536K, reserved 1179648K
  class space    used 9486K, committed 9856K, reserved 1048576K
}
Event: 45009.761 GC heap before
{Heap before GC invocations=110 (full 4):
 garbage-first heap   total 102400K, used 81286K [0x0000000704e00000, 0x0000000800000000)
  region size 2048K, 20 young (40960K), 0 survivors (0K)
 Metaspace       used 80973K, committed 81664K, reserved 1179648K
  class space    used 9493K, committed 9856K, reserved 1048576K
}
Event: 45009.764 GC heap after
{Heap after GC invocations=111 (full 4):
 garbage-first heap   total 102400K, used 43216K [0x0000000704e00000, 0x0000000800000000)
  region size 2048K, 2 young (4096K), 2 survivors (4096K)
 Metaspace       used 80973K, committed 81664K, reserved 1179648K
  class space    used 9493K, committed 9856K, reserved 1048576K
}
Event: 45010.027 GC heap before
{Heap before GC invocations=111 (full 4):
 garbage-first heap   total 102400K, used 80080K [0x0000000704e00000, 0x0000000800000000)
  region size 2048K, 20 young (40960K), 2 survivors (4096K)
 Metaspace       used 81281K, committed 81920K, reserved 1179648K
  class space    used 9513K, committed 9856K, reserved 1048576K
}
Event: 45010.030 GC heap after
{Heap after GC invocations=112 (full 4):
 garbage-first heap   total 102400K, used 44872K [0x0000000704e00000, 0x0000000800000000)
  region size 2048K, 3 young (6144K), 3 survivors (6144K)
 Metaspace       used 81281K, committed 81920K, reserved 1179648K
  class space    used 9513K, committed 9856K, reserved 1048576K
}

