# JRE version: Java(TM) SE Runtime Environment (18.0.2.1+1) (build 18.0.2.1+1-1)
# Java VM: Java HotSpot(TM) 64-Bit Server VM (18.0.2.1+1-1, mixed mode, sharing, tiered, compressed oops, compressed class ptrs, g1 gc, windows-amd64)
GC Precious Log:
 CardTable entry size: 512
 Card Set container configuration: InlinePtr #cards 4 size 8 Array Of Cards #cards 16 size 48 Howl #buckets 8 coarsen threshold 3686 Howl Bitmap #cards 512 size 80 coarsen threshold 460 Card regions per heap region 1 cards per card region 4096
 CPUs: 12 total, 12 available
 Memory: 16068M
 Large Page Support: Disabled
 NUMA Support: Disabled
 Compressed Oops: Enabled (Zero based)
 Heap Region Size: 2M
 Heap Min Capacity: 8M
 Heap Initial Capacity: 252M
 Heap Max Capacity: 4018M
 Pre-touch: Disabled
 Parallel Workers: 10
 Concurrent Workers: 3
 Concurrent Refinement Workers: 10
 Periodic GC: Disabled
Heap:
 garbage-first heap   total 96256K, used 72549K [0x0000000704e00000, 0x0000000800000000)
  region size 2048K, 19 young (38912K), 3 survivors (6144K)
 Metaspace       used 74146K, committed 74752K, reserved 1114112K
  class space    used 9136K, committed 9472K, reserved 1048576K
GC Heap History (20 events):
Event: 312.915 GC heap before
{Heap before GC invocations=22 (full 1):
 garbage-first heap   total 96256K, used 74706K [0x0000000704e00000, 0x0000000800000000)
  region size 2048K, 22 young (45056K), 0 survivors (0K)
 Metaspace       used 71195K, committed 71744K, reserved 1114112K
  class space    used 9044K, committed 9344K, reserved 1048576K
}
Event: 312.918 GC heap after
{Heap after GC invocations=23 (full 1):
 garbage-first heap   total 96256K, used 34651K [0x0000000704e00000, 0x0000000800000000)
  region size 2048K, 2 young (4096K), 2 survivors (4096K)
 Metaspace       used 71195K, committed 71744K, reserved 1114112K
  class space    used 9044K, committed 9344K, reserved 1048576K
}
Event: 313.320 GC heap before
{Heap before GC invocations=23 (full 1):
 garbage-first heap   total 96256K, used 73563K [0x0000000704e00000, 0x0000000800000000)
  region size 2048K, 21 young (43008K), 2 survivors (4096K)
 Metaspace       used 71704K, committed 72256K, reserved 1114112K
  class space    used 9059K, committed 9344K, reserved 1048576K
}
Event: 313.324 GC heap after
{Heap after GC invocations=24 (full 1):
 garbage-first heap   total 96256K, used 36591K [0x0000000704e00000, 0x0000000800000000)
  region size 2048K, 3 young (6144K), 3 survivors (6144K)
 Metaspace       used 71704K, committed 72256K, reserved 1114112K
  class space    used 9059K, committed 9344K, reserved 1048576K
}
Event: 389.343 GC heap before
{Heap before GC invocations=24 (full 1):
 garbage-first heap   total 96256K, used 71407K [0x0000000704e00000, 0x0000000800000000)
  region size 2048K, 21 young (43008K), 3 survivors (6144K)
 Metaspace       used 72205K, committed 72768K, reserved 1114112K
  class space    used 9079K, committed 9344K, reserved 1048576K
}
Event: 389.375 GC heap after
{Heap after GC invocations=25 (full 2):
 garbage-first heap   total 96256K, used 34788K [0x0000000704e00000, 0x0000000800000000)
  region size 2048K, 0 young (0K), 0 survivors (0K)
 Metaspace       used 72205K, committed 72768K, reserved 1114112K
  class space    used 9079K, committed 9344K, reserved 1048576K
}
Event: 389.789 GC heap before
{Heap before GC invocations=25 (full 2):
 garbage-first heap   total 96256K, used 73700K [0x0000000704e00000, 0x0000000800000000)
  region size 2048K, 19 young (38912K), 0 survivors (0K)
 Metaspace       used 72400K, committed 73024K, reserved 1114112K
  class space    used 9085K, committed 9408K, reserved 1048576K
}
Event: 389.791 GC heap after
{Heap after GC invocations=26 (full 2):
 garbage-first heap   total 96256K, used 38064K [0x0000000704e00000, 0x0000000800000000)
  region size 2048K, 2 young (4096K), 2 survivors (4096K)
 Metaspace       used 72400K, committed 73024K, reserved 1114112K
  class space    used 9085K, committed 9408K, reserved 1048576K
}
Event: 390.029 GC heap before
{Heap before GC invocations=26 (full 2):
 garbage-first heap   total 96256K, used 72880K [0x0000000704e00000, 0x0000000800000000)
  region size 2048K, 19 young (38912K), 2 survivors (4096K)
 Metaspace       used 72731K, committed 73344K, reserved 1114112K
  class space    used 9097K, committed 9408K, reserved 1048576K
}
Event: 390.031 GC heap after
{Heap after GC invocations=27 (full 2):
 garbage-first heap   total 96256K, used 39008K [0x0000000704e00000, 0x0000000800000000)
  region size 2048K, 3 young (6144K), 3 survivors (6144K)
 Metaspace       used 72731K, committed 73344K, reserved 1114112K
  class space    used 9097K, committed 9408K, reserved 1048576K
}
Event: 409.458 GC heap before
{Heap before GC invocations=27 (full 2):
 garbage-first heap   total 96256K, used 73824K [0x0000000704e00000, 0x0000000800000000)
  region size 2048K, 20 young (40960K), 3 survivors (6144K)
 Metaspace       used 73078K, committed 73664K, reserved 1114112K
  class space    used 9108K, committed 9408K, reserved 1048576K
}
Event: 409.461 GC heap after
{Heap after GC invocations=28 (full 2):
 garbage-first heap   total 96256K, used 40388K [0x0000000704e00000, 0x0000000800000000)
  region size 2048K, 2 young (4096K), 2 survivors (4096K)
 Metaspace       used 73078K, committed 73664K, reserved 1114112K
  class space    used 9108K, committed 9408K, reserved 1048576K
}
Event: 690.503 GC heap before
{Heap before GC invocations=28 (full 2):
 garbage-first heap   total 96256K, used 73156K [0x0000000704e00000, 0x0000000800000000)
  region size 2048K, 18 young (36864K), 2 survivors (4096K)
 Metaspace       used 73321K, committed 73920K, reserved 1114112K
  class space    used 9109K, committed 9408K, reserved 1048576K
}
Event: 690.505 GC heap after
{Heap after GC invocations=29 (full 2):
 garbage-first heap   total 96256K, used 40694K [0x0000000704e00000, 0x0000000800000000)
  region size 2048K, 2 young (4096K), 2 survivors (4096K)
 Metaspace       used 73321K, committed 73920K, reserved 1114112K
  class space    used 9109K, committed 9408K, reserved 1048576K
}
Event: 756.597 GC heap before
{Heap before GC invocations=29 (full 2):
 garbage-first heap   total 96256K, used 52982K [0x0000000704e00000, 0x0000000800000000)
  region size 2048K, 9 young (18432K), 2 survivors (4096K)
 Metaspace       used 73414K, committed 73984K, reserved 1114112K
  class space    used 9111K, committed 9408K, reserved 1048576K
}
Event: 756.631 GC heap after
{Heap after GC invocations=30 (full 3):
 garbage-first heap   total 96256K, used 37423K [0x0000000704e00000, 0x0000000800000000)
  region size 2048K, 0 young (0K), 0 survivors (0K)
 Metaspace       used 73414K, committed 73984K, reserved 1114112K
  class space    used 9111K, committed 9408K, reserved 1048576K
}
Event: 756.990 GC heap before
{Heap before GC invocations=30 (full 3):
 garbage-first heap   total 96256K, used 76335K [0x0000000704e00000, 0x0000000800000000)
  region size 2048K, 19 young (38912K), 0 survivors (0K)
 Metaspace       used 73545K, committed 74176K, reserved 1114112K
  class space    used 9118K, committed 9408K, reserved 1048576K
}
Event: 756.993 GC heap after
{Heap after GC invocations=31 (full 3):
 garbage-first heap   total 96256K, used 40277K [0x0000000704e00000, 0x0000000800000000)
  region size 2048K, 2 young (4096K), 2 survivors (4096K)
 Metaspace       used 73545K, committed 74176K, reserved 1114112K
  class space    used 9118K, committed 9408K, reserved 1048576K
}
Event: 757.208 GC heap before
{Heap before GC invocations=31 (full 3):
 garbage-first heap   total 96256K, used 75093K [0x0000000704e00000, 0x0000000800000000)
  region size 2048K, 19 young (38912K), 2 survivors (4096K)
 Metaspace       used 73897K, committed 74432K, reserved 1114112K
  class space    used 9130K, committed 9408K, reserved 1048576K
}
Event: 757.210 GC heap after
{Heap after GC invocations=32 (full 3):
 garbage-first heap   total 96256K, used 41829K [0x0000000704e00000, 0x0000000800000000)
  region size 2048K, 3 young (6144K), 3 survivors (6144K)
 Metaspace       used 73897K, committed 74432K, reserved 1114112K
  class space    used 9130K, committed 9408K, reserved 1048576K
}

