# JRE version: Java(TM) SE Runtime Environment (18.0.2.1+1) (build 18.0.2.1+1-1)
# Java VM: Java HotSpot(TM) 64-Bit Server VM (18.0.2.1+1-1, mixed mode, sharing, tiered, compressed oops, compressed class ptrs, g1 gc, windows-amd64)
GC Precious Log:
 CardTable entry size: 512
 Card Set container configuration: InlinePtr #cards 4 size 8 Array Of Cards #cards 16 size 48 Howl #buckets 8 coarsen threshold 3686 Howl Bitmap #cards 512 size 80 coarsen threshold 460 Card regions per heap region 1 cards per card region 4096
 CPUs: 12 total, 12 available
 Memory: 16068M
 Large Page Support: Disabled
 NUMA Support: Disabled
 Compressed Oops: Enabled (Zero based)
 Heap Region Size: 2M
 Heap Min Capacity: 8M
 Heap Initial Capacity: 252M
 Heap Max Capacity: 4018M
 Pre-touch: Disabled
 Parallel Workers: 10
 Concurrent Workers: 3
 Concurrent Refinement Workers: 10
 Periodic GC: Disabled
Heap:
 garbage-first heap   total 122880K, used 66984K [0x0000000704e00000, 0x0000000800000000)
  region size 2048K, 11 young (22528K), 3 survivors (6144K)
 Metaspace       used 75169K, committed 75904K, reserved 1179648K
  class space    used 9099K, committed 9472K, reserved 1048576K
GC Heap History (20 events):
Event: 1006.507 GC heap before
{Heap before GC invocations=33 (full 4):
 garbage-first heap   total 122880K, used 96148K [0x0000000704e00000, 0x0000000800000000)
  region size 2048K, 28 young (57344K), 2 survivors (4096K)
 Metaspace       used 73140K, committed 73792K, reserved 1114112K
  class space    used 9011K, committed 9344K, reserved 1048576K
}
Event: 1006.509 GC heap after
{Heap after GC invocations=34 (full 4):
 garbage-first heap   total 122880K, used 45223K [0x0000000704e00000, 0x0000000800000000)
  region size 2048K, 4 young (8192K), 4 survivors (8192K)
 Metaspace       used 73140K, committed 73792K, reserved 1114112K
  class space    used 9011K, committed 9344K, reserved 1048576K
}
Event: 1009.555 GC heap before
{Heap before GC invocations=34 (full 4):
 garbage-first heap   total 122880K, used 47271K [0x0000000704e00000, 0x0000000800000000)
  region size 2048K, 6 young (12288K), 4 survivors (8192K)
 Metaspace       used 73148K, committed 73792K, reserved 1114112K
  class space    used 9011K, committed 9344K, reserved 1048576K
}
Event: 1009.599 GC heap after
{Heap after GC invocations=35 (full 5):
 garbage-first heap   total 122880K, used 41583K [0x0000000704e00000, 0x0000000800000000)
  region size 2048K, 0 young (0K), 0 survivors (0K)
 Metaspace       used 73148K, committed 73792K, reserved 1114112K
  class space    used 9011K, committed 9344K, reserved 1048576K
}
Event: 1010.535 GC heap before
{Heap before GC invocations=35 (full 5):
 garbage-first heap   total 122880K, used 94831K [0x0000000704e00000, 0x0000000800000000)
  region size 2048K, 27 young (55296K), 0 survivors (0K)
 Metaspace       used 73411K, committed 74112K, reserved 1114112K
  class space    used 9024K, committed 9344K, reserved 1048576K
}
Event: 1010.538 GC heap after
{Heap after GC invocations=36 (full 5):
 garbage-first heap   total 122880K, used 45535K [0x0000000704e00000, 0x0000000800000000)
  region size 2048K, 2 young (4096K), 2 survivors (4096K)
 Metaspace       used 73411K, committed 74112K, reserved 1114112K
  class space    used 9024K, committed 9344K, reserved 1048576K
}
Event: 1014.644 GC heap before
{Heap before GC invocations=36 (full 5):
 garbage-first heap   total 122880K, used 96735K [0x0000000704e00000, 0x0000000800000000)
  region size 2048K, 27 young (55296K), 2 survivors (4096K)
 Metaspace       used 73778K, committed 74432K, reserved 1114112K
  class space    used 9039K, committed 9408K, reserved 1048576K
}
Event: 1014.648 GC heap after
{Heap after GC invocations=37 (full 5):
 garbage-first heap   total 122880K, used 47579K [0x0000000704e00000, 0x0000000800000000)
  region size 2048K, 3 young (6144K), 3 survivors (6144K)
 Metaspace       used 73778K, committed 74432K, reserved 1114112K
  class space    used 9039K, committed 9408K, reserved 1048576K
}
Event: 1160.142 GC heap before
{Heap before GC invocations=37 (full 5):
 garbage-first heap   total 122880K, used 55771K [0x0000000704e00000, 0x0000000800000000)
  region size 2048K, 8 young (16384K), 3 survivors (6144K)
 Metaspace       used 73865K, committed 74624K, reserved 1114112K
  class space    used 9040K, committed 9408K, reserved 1048576K
}
Event: 1160.187 GC heap after
{Heap after GC invocations=38 (full 6):
 garbage-first heap   total 122880K, used 44191K [0x0000000704e00000, 0x0000000800000000)
  region size 2048K, 0 young (0K), 0 survivors (0K)
 Metaspace       used 73865K, committed 74624K, reserved 1114112K
  class space    used 9040K, committed 9408K, reserved 1048576K
}
Event: 1161.184 GC heap before
{Heap before GC invocations=38 (full 6):
 garbage-first heap   total 122880K, used 93343K [0x0000000704e00000, 0x0000000800000000)
  region size 2048K, 25 young (51200K), 0 survivors (0K)
 Metaspace       used 74019K, committed 74688K, reserved 1114112K
  class space    used 9048K, committed 9408K, reserved 1048576K
}
Event: 1161.188 GC heap after
{Heap after GC invocations=39 (full 6):
 garbage-first heap   total 122880K, used 48093K [0x0000000704e00000, 0x0000000800000000)
  region size 2048K, 2 young (4096K), 2 survivors (4096K)
 Metaspace       used 74019K, committed 74688K, reserved 1114112K
  class space    used 9048K, committed 9408K, reserved 1048576K
}
Event: 1161.773 GC heap before
{Heap before GC invocations=39 (full 6):
 garbage-first heap   total 122880K, used 95197K [0x0000000704e00000, 0x0000000800000000)
  region size 2048K, 25 young (51200K), 2 survivors (4096K)
 Metaspace       used 74391K, committed 75136K, reserved 1179648K
  class space    used 9067K, committed 9408K, reserved 1048576K
}
Event: 1161.777 GC heap after
{Heap after GC invocations=40 (full 6):
 garbage-first heap   total 122880K, used 50227K [0x0000000704e00000, 0x0000000800000000)
  region size 2048K, 3 young (6144K), 3 survivors (6144K)
 Metaspace       used 74391K, committed 75136K, reserved 1179648K
  class space    used 9067K, committed 9408K, reserved 1048576K
}
Event: 1224.363 GC heap before
{Heap before GC invocations=40 (full 6):
 garbage-first heap   total 122880K, used 62515K [0x0000000704e00000, 0x0000000800000000)
  region size 2048K, 10 young (20480K), 3 survivors (6144K)
 Metaspace       used 74559K, committed 75264K, reserved 1179648K
  class space    used 9071K, committed 9408K, reserved 1048576K
}
Event: 1224.413 GC heap after
{Heap after GC invocations=41 (full 7):
 garbage-first heap   total 122880K, used 46875K [0x0000000704e00000, 0x0000000800000000)
  region size 2048K, 0 young (0K), 0 survivors (0K)
 Metaspace       used 74559K, committed 75264K, reserved 1179648K
  class space    used 9071K, committed 9408K, reserved 1048576K
}
Event: 1225.128 GC heap before
{Heap before GC invocations=41 (full 7):
 garbage-first heap   total 122880K, used 96027K [0x0000000704e00000, 0x0000000800000000)
  region size 2048K, 24 young (49152K), 0 survivors (0K)
 Metaspace       used 74679K, committed 75392K, reserved 1179648K
  class space    used 9078K, committed 9472K, reserved 1048576K
}
Event: 1225.131 GC heap after
{Heap after GC invocations=42 (full 7):
 garbage-first heap   total 122880K, used 50360K [0x0000000704e00000, 0x0000000800000000)
  region size 2048K, 2 young (4096K), 2 survivors (4096K)
 Metaspace       used 74679K, committed 75392K, reserved 1179648K
  class space    used 9078K, committed 9472K, reserved 1048576K
}
Event: 1225.654 GC heap before
{Heap before GC invocations=42 (full 7):
 garbage-first heap   total 122880K, used 97464K [0x0000000704e00000, 0x0000000800000000)
  region size 2048K, 25 young (51200K), 2 survivors (4096K)
 Metaspace       used 75025K, committed 75712K, reserved 1179648K
  class space    used 9095K, committed 9472K, reserved 1048576K
}
Event: 1225.657 GC heap after
{Heap after GC invocations=43 (full 7):
 garbage-first heap   total 122880K, used 52648K [0x0000000704e00000, 0x0000000800000000)
  region size 2048K, 3 young (6144K), 3 survivors (6144K)
 Metaspace       used 75025K, committed 75712K, reserved 1179648K
  class space    used 9095K, committed 9472K, reserved 1048576K
}

